<?xml version="1.0" encoding="UTF-8"?>
<!-- Generated by org.testng.reporters.JUnitReportReporter -->
<testsuite hostname="DESKTOP-81SOS98" failures="0" tests="1" name="testCases.TC_001_AccountRegistrationTest" time="5.561" errors="0" timestamp="2023-05-24T16:24:26 IST" skipped="0">
  <testcase classname="testCases.TC_001_AccountRegistrationTest" name="test_account_Registration" time="5.561"/>
  <system-out/>
</testsuite> <!-- testCases.TC_001_AccountRegistrationTest -->
