<?xml version="1.0" encoding="UTF-8"?>
<!-- Generated by org.testng.reporters.JUnitReportReporter -->
<testsuite hostname="DESKTOP-81SOS98" failures="0" tests="1" name="testCases.TC_005_AddToCartPageTest" time="9.103" errors="0" timestamp="2023-05-25T21:19:34 IST" skipped="0">
  <testcase classname="testCases.TC_005_AddToCartPageTest" name="test_addToCart" time="9.103"/>
  <system-out/>
</testsuite> <!-- testCases.TC_005_AddToCartPageTest -->
