<?xml version="1.0" encoding="UTF-8"?>
<!-- Generated by org.testng.reporters.JUnitReportReporter -->
<testsuite hostname="DESKTOP-81SOS98" failures="0" tests="1" name="testCases.TC_002_LoginTest" time="2.962" errors="0" timestamp="2023-05-25T16:38:41 IST" skipped="0">
  <testcase classname="testCases.TC_002_LoginTest" name="test_Login" time="2.962"/>
  <system-out/>
</testsuite> <!-- testCases.TC_002_LoginTest -->
