<?xml version="1.0" encoding="UTF-8"?>
<!-- Generated by org.testng.reporters.JUnitReportReporter -->
<testsuite hostname="DESKTOP-81SOS98" failures="0" tests="1" name="testCases.TC_004_SearchProductTest" time="4.339" errors="0" timestamp="2023-05-25T19:22:08 IST" skipped="0">
  <testcase classname="testCases.TC_004_SearchProductTest" name="testProductSearch" time="4.339"/>
  <system-out/>
</testsuite> <!-- testCases.TC_004_SearchProductTest -->
