<?xml version="1.0" encoding="UTF-8"?>
<!-- Generated by org.testng.reporters.JUnitReportReporter -->
<testsuite hostname="DESKTOP-81SOS98" failures="0" tests="1" name="testCases.TC_002_LoginTest" time="3.209" errors="0" timestamp="2023-05-25T16:53:22 IST" skipped="0">
  <testcase classname="testCases.TC_002_LoginTest" name="test_Login" time="3.209"/>
  <system-out/>
</testsuite> <!-- testCases.TC_002_LoginTest -->
