<?xml version="1.0" encoding="UTF-8"?>
<!-- Generated by org.testng.reporters.JUnitReportReporter -->
<testsuite hostname="DESKTOP-81SOS98" failures="0" tests="1" name="testCases.TC_001_AccountRegistrationTest" time="6.114" errors="0" timestamp="2023-05-25T16:53:22 IST" skipped="0">
  <testcase classname="testCases.TC_001_AccountRegistrationTest" name="test_account_Registration" time="6.114"/>
  <system-out/>
</testsuite> <!-- testCases.TC_001_AccountRegistrationTest -->
